nohup: ignoring input
Seed set to 42
/usr/local/lib/python3.10/dist-packages/huggingface_hub/file_download.py:1150: FutureWarning: `resume_download` is deprecated and will be removed in version 1.0.0. Downloads always resume when possible. If you want to force a new download, use `force_download=True`.
  warnings.warn(
GPU available: True (cuda), used: True
TPU available: False, using: 0 TPU cores
IPU available: False, using: 0 IPUs
HPU available: False, using: 0 HPUs
`Trainer(limit_train_batches=1.0)` was configured so 100% of the batches per epoch will be used..
`Trainer(limit_val_batches=1.0)` was configured so 100% of the batches will be used..
/usr/local/lib/python3.10/dist-packages/huggingface_hub/file_download.py:1150: FutureWarning: `resume_download` is deprecated and will be removed in version 1.0.0. Downloads always resume when possible. If you want to force a new download, use `force_download=True`.
  warnings.warn(
/usr/local/lib/python3.10/dist-packages/huggingface_hub/file_download.py:1150: FutureWarning: `resume_download` is deprecated and will be removed in version 1.0.0. Downloads always resume when possible. If you want to force a new download, use `force_download=True`.
  warnings.warn(
[rank: 0] Seed set to 42
Initializing distributed: GLOBAL_RANK: 0, MEMBER: 1/6
[rank: 3] Seed set to 42
/usr/local/lib/python3.10/dist-packages/huggingface_hub/file_download.py:1150: FutureWarning: `resume_download` is deprecated and will be removed in version 1.0.0. Downloads always resume when possible. If you want to force a new download, use `force_download=True`.
  warnings.warn(
[rank: 2] Seed set to 42
/usr/local/lib/python3.10/dist-packages/huggingface_hub/file_download.py:1150: FutureWarning: `resume_download` is deprecated and will be removed in version 1.0.0. Downloads always resume when possible. If you want to force a new download, use `force_download=True`.
  warnings.warn(
[rank: 1] Seed set to 42
/usr/local/lib/python3.10/dist-packages/huggingface_hub/file_download.py:1150: FutureWarning: `resume_download` is deprecated and will be removed in version 1.0.0. Downloads always resume when possible. If you want to force a new download, use `force_download=True`.
  warnings.warn(
[rank: 4] Seed set to 42
/usr/local/lib/python3.10/dist-packages/huggingface_hub/file_download.py:1150: FutureWarning: `resume_download` is deprecated and will be removed in version 1.0.0. Downloads always resume when possible. If you want to force a new download, use `force_download=True`.
  warnings.warn(
[rank: 5] Seed set to 42
/usr/local/lib/python3.10/dist-packages/huggingface_hub/file_download.py:1150: FutureWarning: `resume_download` is deprecated and will be removed in version 1.0.0. Downloads always resume when possible. If you want to force a new download, use `force_download=True`.
  warnings.warn(
/usr/local/lib/python3.10/dist-packages/huggingface_hub/file_download.py:1150: FutureWarning: `resume_download` is deprecated and will be removed in version 1.0.0. Downloads always resume when possible. If you want to force a new download, use `force_download=True`.
  warnings.warn(
/usr/local/lib/python3.10/dist-packages/huggingface_hub/file_download.py:1150: FutureWarning: `resume_download` is deprecated and will be removed in version 1.0.0. Downloads always resume when possible. If you want to force a new download, use `force_download=True`.
  warnings.warn(
/usr/local/lib/python3.10/dist-packages/huggingface_hub/file_download.py:1150: FutureWarning: `resume_download` is deprecated and will be removed in version 1.0.0. Downloads always resume when possible. If you want to force a new download, use `force_download=True`.
  warnings.warn(
/usr/local/lib/python3.10/dist-packages/huggingface_hub/file_download.py:1150: FutureWarning: `resume_download` is deprecated and will be removed in version 1.0.0. Downloads always resume when possible. If you want to force a new download, use `force_download=True`.
  warnings.warn(
/usr/local/lib/python3.10/dist-packages/huggingface_hub/file_download.py:1150: FutureWarning: `resume_download` is deprecated and will be removed in version 1.0.0. Downloads always resume when possible. If you want to force a new download, use `force_download=True`.
  warnings.warn(
/usr/local/lib/python3.10/dist-packages/huggingface_hub/file_download.py:1150: FutureWarning: `resume_download` is deprecated and will be removed in version 1.0.0. Downloads always resume when possible. If you want to force a new download, use `force_download=True`.
  warnings.warn(
/usr/local/lib/python3.10/dist-packages/huggingface_hub/file_download.py:1150: FutureWarning: `resume_download` is deprecated and will be removed in version 1.0.0. Downloads always resume when possible. If you want to force a new download, use `force_download=True`.
  warnings.warn(
/usr/local/lib/python3.10/dist-packages/huggingface_hub/file_download.py:1150: FutureWarning: `resume_download` is deprecated and will be removed in version 1.0.0. Downloads always resume when possible. If you want to force a new download, use `force_download=True`.
  warnings.warn(
/usr/local/lib/python3.10/dist-packages/huggingface_hub/file_download.py:1150: FutureWarning: `resume_download` is deprecated and will be removed in version 1.0.0. Downloads always resume when possible. If you want to force a new download, use `force_download=True`.
  warnings.warn(
/usr/local/lib/python3.10/dist-packages/huggingface_hub/file_download.py:1150: FutureWarning: `resume_download` is deprecated and will be removed in version 1.0.0. Downloads always resume when possible. If you want to force a new download, use `force_download=True`.
  warnings.warn(
[rank: 3] Seed set to 42
Initializing distributed: GLOBAL_RANK: 3, MEMBER: 4/6
[rank: 2] Seed set to 42
Initializing distributed: GLOBAL_RANK: 2, MEMBER: 3/6
[rank: 1] Seed set to 42
Initializing distributed: GLOBAL_RANK: 1, MEMBER: 2/6
[rank: 5] Seed set to 42
Initializing distributed: GLOBAL_RANK: 5, MEMBER: 6/6
[rank: 4] Seed set to 42
Initializing distributed: GLOBAL_RANK: 4, MEMBER: 5/6
----------------------------------------------------------------------------------------------------
distributed_backend=nccl
All distributed processes registered. Starting with 6 processes
----------------------------------------------------------------------------------------------------

wandb: Currently logged in as: shrey-goel (programmablebio). Use `wandb login --relogin` to force relogin
wandb: wandb version 0.18.6 is available!  To upgrade, please run:
wandb:  $ pip install wandb --upgrade
wandb: Tracking run with wandb version 0.13.5
wandb: Run data is saved locally in ./wandb/run-20241111_042618-test_42
wandb: Run `wandb offline` to turn off syncing.
wandb: Resuming run test
wandb: ⭐️ View project at https://wandb.ai/programmablebio/MeMDLM_pretrain_400k_650M
wandb: 🚀 View run at https://wandb.ai/programmablebio/MeMDLM_pretrain_400k_650M/runs/test_42
LOCAL_RANK: 1 - CUDA_VISIBLE_DEVICES: [1,2,3,4,5,6]
LOCAL_RANK: 3 - CUDA_VISIBLE_DEVICES: [1,2,3,4,5,6]
LOCAL_RANK: 0 - CUDA_VISIBLE_DEVICES: [1,2,3,4,5,6]
LOCAL_RANK: 5 - CUDA_VISIBLE_DEVICES: [1,2,3,4,5,6]
LOCAL_RANK: 2 - CUDA_VISIBLE_DEVICES: [1,2,3,4,5,6]
LOCAL_RANK: 4 - CUDA_VISIBLE_DEVICES: [1,2,3,4,5,6]

  | Name           | Type             | Params
----------------------------------------------------
0 | backbone       | WrapVanillaESM   | 652 M 
1 | softplus       | Softplus         | 0     
2 | train_metrics  | MetricCollection | 0     
3 | valid_metrics  | MetricCollection | 0     
4 | test_metrics   | MetricCollection | 0     
5 | gen_ppl_metric | Perplexity       | 0     
6 | noise          | LogLinearNoise   | 0     
----------------------------------------------------
652 M     Trainable params
0         Non-trainable params
652 M     Total params
2,609.426 Total estimated model params size (MB)
Error executing job with overrides: []
Traceback (most recent call last):
  File "/workspace/sg666/MeMDLM/main.py", line 188, in main
    _train(config, logger, tokenizer, data_module)
  File "/workspace/sg666/MeMDLM/main.py", line 142, in _train
    trainer.fit(model, datamodule=data_module, ckpt_path=ckpt_path)
  File "/usr/local/lib/python3.10/dist-packages/lightning/pytorch/trainer/trainer.py", line 544, in fit
    call._call_and_handle_interrupt(
  File "/usr/local/lib/python3.10/dist-packages/lightning/pytorch/trainer/call.py", line 43, in _call_and_handle_interrupt
    return trainer.strategy.launcher.launch(trainer_fn, *args, trainer=trainer, **kwargs)
  File "/usr/local/lib/python3.10/dist-packages/lightning/pytorch/strategies/launchers/subprocess_script.py", line 105, in launch
    return function(*args, **kwargs)
  File "/usr/local/lib/python3.10/dist-packages/lightning/pytorch/trainer/trainer.py", line 580, in _fit_impl
    self._run(model, ckpt_path=ckpt_path)
  File "/usr/local/lib/python3.10/dist-packages/lightning/pytorch/trainer/trainer.py", line 987, in _run
    results = self._run_stage()
  File "/usr/local/lib/python3.10/dist-packages/lightning/pytorch/trainer/trainer.py", line 1033, in _run_stage
    self.fit_loop.run()
  File "/usr/local/lib/python3.10/dist-packages/lightning/pytorch/loops/fit_loop.py", line 205, in run
    self.advance()
  File "/usr/local/lib/python3.10/dist-packages/lightning/pytorch/loops/fit_loop.py", line 363, in advance
    self.epoch_loop.run(self._data_fetcher)
  File "/usr/local/lib/python3.10/dist-packages/lightning/pytorch/loops/training_epoch_loop.py", line 140, in run
    self.advance(data_fetcher)
  File "/usr/local/lib/python3.10/dist-packages/lightning/pytorch/loops/training_epoch_loop.py", line 250, in advance
    batch_output = self.automatic_optimization.run(trainer.optimizers[0], batch_idx, kwargs)
  File "/usr/local/lib/python3.10/dist-packages/lightning/pytorch/loops/optimization/automatic.py", line 190, in run
    self._optimizer_step(batch_idx, closure)
  File "/usr/local/lib/python3.10/dist-packages/lightning/pytorch/loops/optimization/automatic.py", line 268, in _optimizer_step
    call._call_lightning_module_hook(
  File "/usr/local/lib/python3.10/dist-packages/lightning/pytorch/trainer/call.py", line 157, in _call_lightning_module_hook
    output = fn(*args, **kwargs)
  File "/workspace/sg666/MeMDLM/diffusion.py", line 386, in optimizer_step
    super().optimizer_step(*args, **kwargs)
  File "/usr/local/lib/python3.10/dist-packages/lightning/pytorch/core/module.py", line 1303, in optimizer_step
    optimizer.step(closure=optimizer_closure)
  File "/usr/local/lib/python3.10/dist-packages/lightning/pytorch/core/optimizer.py", line 152, in step
    step_output = self._strategy.optimizer_step(self._optimizer, closure, **kwargs)
  File "/usr/local/lib/python3.10/dist-packages/lightning/pytorch/strategies/ddp.py", line 270, in optimizer_step
    optimizer_output = super().optimizer_step(optimizer, closure, model, **kwargs)
  File "/usr/local/lib/python3.10/dist-packages/lightning/pytorch/strategies/strategy.py", line 239, in optimizer_step
    return self.precision_plugin.optimizer_step(optimizer, model=model, closure=closure, **kwargs)
  File "/usr/local/lib/python3.10/dist-packages/lightning/pytorch/plugins/precision/precision.py", line 122, in optimizer_step
    return optimizer.step(closure=closure, **kwargs)
  File "/usr/local/lib/python3.10/dist-packages/torch/optim/lr_scheduler.py", line 130, in wrapper
    return func.__get__(opt, opt.__class__)(*args, **kwargs)
  File "/usr/local/lib/python3.10/dist-packages/torch/optim/optimizer.py", line 484, in wrapper
    out = func(*args, **kwargs)
  File "/usr/local/lib/python3.10/dist-packages/torch/optim/optimizer.py", line 89, in _use_grad
    ret = func(self, *args, **kwargs)
  File "/usr/local/lib/python3.10/dist-packages/torch/optim/adamw.py", line 204, in step
    loss = closure()
  File "/usr/local/lib/python3.10/dist-packages/lightning/pytorch/plugins/precision/precision.py", line 108, in _wrap_closure
    closure_result = closure()
  File "/usr/local/lib/python3.10/dist-packages/lightning/pytorch/loops/optimization/automatic.py", line 144, in __call__
    self._result = self.closure(*args, **kwargs)
  File "/usr/local/lib/python3.10/dist-packages/torch/utils/_contextlib.py", line 116, in decorate_context
    return func(*args, **kwargs)
  File "/usr/local/lib/python3.10/dist-packages/lightning/pytorch/loops/optimization/automatic.py", line 129, in closure
    step_output = self._step_fn()
  File "/usr/local/lib/python3.10/dist-packages/lightning/pytorch/loops/optimization/automatic.py", line 318, in _training_step
    training_step_output = call._call_strategy_hook(trainer, "training_step", *kwargs.values())
  File "/usr/local/lib/python3.10/dist-packages/lightning/pytorch/trainer/call.py", line 309, in _call_strategy_hook
    output = fn(*args, **kwargs)
  File "/usr/local/lib/python3.10/dist-packages/lightning/pytorch/strategies/strategy.py", line 390, in training_step
    return self._forward_redirection(self.model, self.lightning_module, "training_step", *args, **kwargs)
  File "/usr/local/lib/python3.10/dist-packages/lightning/pytorch/strategies/strategy.py", line 642, in __call__
    wrapper_output = wrapper_module(*args, **kwargs)
  File "/usr/local/lib/python3.10/dist-packages/torch/nn/modules/module.py", line 1553, in _wrapped_call_impl
    return self._call_impl(*args, **kwargs)
  File "/usr/local/lib/python3.10/dist-packages/torch/nn/modules/module.py", line 1562, in _call_impl
    return forward_call(*args, **kwargs)
  File "/usr/local/lib/python3.10/dist-packages/torch/nn/parallel/distributed.py", line 1636, in forward
    else self._run_ddp_forward(*inputs, **kwargs)
  File "/usr/local/lib/python3.10/dist-packages/torch/nn/parallel/distributed.py", line 1454, in _run_ddp_forward
    return self.module(*inputs, **kwargs)  # type: ignore[index]
  File "/usr/local/lib/python3.10/dist-packages/torch/nn/modules/module.py", line 1553, in _wrapped_call_impl
    return self._call_impl(*args, **kwargs)
  File "/usr/local/lib/python3.10/dist-packages/torch/nn/modules/module.py", line 1562, in _call_impl
    return forward_call(*args, **kwargs)
  File "/usr/local/lib/python3.10/dist-packages/lightning/pytorch/strategies/strategy.py", line 635, in wrapped_forward
    out = method(*_args, **_kwargs)
  File "/workspace/sg666/MeMDLM/diffusion.py", line 545, in training_step
    loss = self._compute_loss(batch, prefix='train')
  File "/workspace/sg666/MeMDLM/diffusion.py", line 516, in _compute_loss
    losses = self._loss(batch['input_ids'], attention_mask, mask)
  File "/workspace/sg666/MeMDLM/diffusion.py", line 1305, in _loss
    loss = self._forward_pass_diffusion(input_tokens, attention_mask, mask)
  File "/workspace/sg666/MeMDLM/diffusion.py", line 1264, in _forward_pass_diffusion
    model_output = self.forward(xt, unet_conditioning, attention_mask)
  File "/workspace/sg666/MeMDLM/diffusion.py", line 468, in forward
    logits = self.backbone(x, attention_mask)
  File "/workspace/sg666/MeMDLM/diffusion.py", line 100, in __call__
    return self.model(*args, **kwargs)
  File "/usr/local/lib/python3.10/dist-packages/torch/nn/modules/module.py", line 1553, in _wrapped_call_impl
    return self._call_impl(*args, **kwargs)
  File "/usr/local/lib/python3.10/dist-packages/torch/nn/modules/module.py", line 1562, in _call_impl
    return forward_call(*args, **kwargs)
  File "/usr/local/lib/python3.10/dist-packages/transformers/models/esm/modeling_esm.py", line 1008, in forward
    outputs = self.esm(
  File "/usr/local/lib/python3.10/dist-packages/torch/nn/modules/module.py", line 1553, in _wrapped_call_impl
    return self._call_impl(*args, **kwargs)
  File "/usr/local/lib/python3.10/dist-packages/torch/nn/modules/module.py", line 1562, in _call_impl
    return forward_call(*args, **kwargs)
  File "/usr/local/lib/python3.10/dist-packages/transformers/models/esm/modeling_esm.py", line 914, in forward
    encoder_outputs = self.encoder(
  File "/usr/local/lib/python3.10/dist-packages/torch/nn/modules/module.py", line 1553, in _wrapped_call_impl
    return self._call_impl(*args, **kwargs)
  File "/usr/local/lib/python3.10/dist-packages/torch/nn/modules/module.py", line 1562, in _call_impl
    return forward_call(*args, **kwargs)
  File "/usr/local/lib/python3.10/dist-packages/transformers/models/esm/modeling_esm.py", line 619, in forward
    layer_outputs = layer_module(
  File "/usr/local/lib/python3.10/dist-packages/torch/nn/modules/module.py", line 1553, in _wrapped_call_impl
    return self._call_impl(*args, **kwargs)
  File "/usr/local/lib/python3.10/dist-packages/torch/nn/modules/module.py", line 1562, in _call_impl
    return forward_call(*args, **kwargs)
  File "/usr/local/lib/python3.10/dist-packages/transformers/models/esm/modeling_esm.py", line 509, in forward
    self_attention_outputs = self.attention(
  File "/usr/local/lib/python3.10/dist-packages/torch/nn/modules/module.py", line 1553, in _wrapped_call_impl
    return self._call_impl(*args, **kwargs)
  File "/usr/local/lib/python3.10/dist-packages/torch/nn/modules/module.py", line 1562, in _call_impl
    return forward_call(*args, **kwargs)
  File "/usr/local/lib/python3.10/dist-packages/transformers/models/esm/modeling_esm.py", line 443, in forward
    self_outputs = self.self(
  File "/usr/local/lib/python3.10/dist-packages/torch/nn/modules/module.py", line 1553, in _wrapped_call_impl
    return self._call_impl(*args, **kwargs)
  File "/usr/local/lib/python3.10/dist-packages/torch/nn/modules/module.py", line 1562, in _call_impl
    return forward_call(*args, **kwargs)
  File "/usr/local/lib/python3.10/dist-packages/transformers/models/esm/modeling_esm.py", line 347, in forward
    attention_scores = torch.matmul(query_layer, key_layer.transpose(-1, -2))
torch.OutOfMemoryError: CUDA out of memory. Tried to allocate 320.00 MiB. GPU 3 has a total capacity of 47.41 GiB of which 292.75 MiB is free. Process 3964224 has 47.11 GiB memory in use. Of the allocated memory 44.39 GiB is allocated by PyTorch, and 2.08 GiB is reserved by PyTorch but unallocated. If reserved but unallocated memory is large try setting PYTORCH_CUDA_ALLOC_CONF=expandable_segments:True to avoid fragmentation.  See documentation for Memory Management  (https://pytorch.org/docs/stable/notes/cuda.html#environment-variables)

Set the environment variable HYDRA_FULL_ERROR=1 for a complete stack trace.
Error executing job with overrides: []
Traceback (most recent call last):
  File "/workspace/sg666/MeMDLM/main.py", line 188, in main
    _train(config, logger, tokenizer, data_module)
  File "/workspace/sg666/MeMDLM/main.py", line 142, in _train
    trainer.fit(model, datamodule=data_module, ckpt_path=ckpt_path)
  File "/usr/local/lib/python3.10/dist-packages/lightning/pytorch/trainer/trainer.py", line 544, in fit
    call._call_and_handle_interrupt(
  File "/usr/local/lib/python3.10/dist-packages/lightning/pytorch/trainer/call.py", line 43, in _call_and_handle_interrupt
    return trainer.strategy.launcher.launch(trainer_fn, *args, trainer=trainer, **kwargs)
  File "/usr/local/lib/python3.10/dist-packages/lightning/pytorch/strategies/launchers/subprocess_script.py", line 105, in launch
    return function(*args, **kwargs)
  File "/usr/local/lib/python3.10/dist-packages/lightning/pytorch/trainer/trainer.py", line 580, in _fit_impl
    self._run(model, ckpt_path=ckpt_path)
  File "/usr/local/lib/python3.10/dist-packages/lightning/pytorch/trainer/trainer.py", line 987, in _run
    results = self._run_stage()
  File "/usr/local/lib/python3.10/dist-packages/lightning/pytorch/trainer/trainer.py", line 1033, in _run_stage
    self.fit_loop.run()
  File "/usr/local/lib/python3.10/dist-packages/lightning/pytorch/loops/fit_loop.py", line 205, in run
    self.advance()
  File "/usr/local/lib/python3.10/dist-packages/lightning/pytorch/loops/fit_loop.py", line 363, in advance
    self.epoch_loop.run(self._data_fetcher)
  File "/usr/local/lib/python3.10/dist-packages/lightning/pytorch/loops/training_epoch_loop.py", line 140, in run
    self.advance(data_fetcher)
  File "/usr/local/lib/python3.10/dist-packages/lightning/pytorch/loops/training_epoch_loop.py", line 250, in advance
    batch_output = self.automatic_optimization.run(trainer.optimizers[0], batch_idx, kwargs)
  File "/usr/local/lib/python3.10/dist-packages/lightning/pytorch/loops/optimization/automatic.py", line 190, in run
    self._optimizer_step(batch_idx, closure)
  File "/usr/local/lib/python3.10/dist-packages/lightning/pytorch/loops/optimization/automatic.py", line 268, in _optimizer_step
    call._call_lightning_module_hook(
  File "/usr/local/lib/python3.10/dist-packages/lightning/pytorch/trainer/call.py", line 157, in _call_lightning_module_hook
    output = fn(*args, **kwargs)
  File "/workspace/sg666/MeMDLM/diffusion.py", line 386, in optimizer_step
    super().optimizer_step(*args, **kwargs)
  File "/usr/local/lib/python3.10/dist-packages/lightning/pytorch/core/module.py", line 1303, in optimizer_step
    optimizer.step(closure=optimizer_closure)
  File "/usr/local/lib/python3.10/dist-packages/lightning/pytorch/core/optimizer.py", line 152, in step
    step_output = self._strategy.optimizer_step(self._optimizer, closure, **kwargs)
  File "/usr/local/lib/python3.10/dist-packages/lightning/pytorch/strategies/ddp.py", line 270, in optimizer_step
    optimizer_output = super().optimizer_step(optimizer, closure, model, **kwargs)
  File "/usr/local/lib/python3.10/dist-packages/lightning/pytorch/strategies/strategy.py", line 239, in optimizer_step
    return self.precision_plugin.optimizer_step(optimizer, model=model, closure=closure, **kwargs)
  File "/usr/local/lib/python3.10/dist-packages/lightning/pytorch/plugins/precision/precision.py", line 122, in optimizer_step
    return optimizer.step(closure=closure, **kwargs)
  File "/usr/local/lib/python3.10/dist-packages/torch/optim/lr_scheduler.py", line 130, in wrapper
    return func.__get__(opt, opt.__class__)(*args, **kwargs)
  File "/usr/local/lib/python3.10/dist-packages/torch/optim/optimizer.py", line 484, in wrapper
    out = func(*args, **kwargs)
  File "/usr/local/lib/python3.10/dist-packages/torch/optim/optimizer.py", line 89, in _use_grad
    ret = func(self, *args, **kwargs)
  File "/usr/local/lib/python3.10/dist-packages/torch/optim/adamw.py", line 204, in step
    loss = closure()
  File "/usr/local/lib/python3.10/dist-packages/lightning/pytorch/plugins/precision/precision.py", line 108, in _wrap_closure
    closure_result = closure()
  File "/usr/local/lib/python3.10/dist-packages/lightning/pytorch/loops/optimization/automatic.py", line 144, in __call__
    self._result = self.closure(*args, **kwargs)
  File "/usr/local/lib/python3.10/dist-packages/torch/utils/_contextlib.py", line 116, in decorate_context
    return func(*args, **kwargs)
  File "/usr/local/lib/python3.10/dist-packages/lightning/pytorch/loops/optimization/automatic.py", line 129, in closure
    step_output = self._step_fn()
  File "/usr/local/lib/python3.10/dist-packages/lightning/pytorch/loops/optimization/automatic.py", line 318, in _training_step
    training_step_output = call._call_strategy_hook(trainer, "training_step", *kwargs.values())
  File "/usr/local/lib/python3.10/dist-packages/lightning/pytorch/trainer/call.py", line 309, in _call_strategy_hook
    output = fn(*args, **kwargs)
  File "/usr/local/lib/python3.10/dist-packages/lightning/pytorch/strategies/strategy.py", line 390, in training_step
    return self._forward_redirection(self.model, self.lightning_module, "training_step", *args, **kwargs)
  File "/usr/local/lib/python3.10/dist-packages/lightning/pytorch/strategies/strategy.py", line 642, in __call__
    wrapper_output = wrapper_module(*args, **kwargs)
  File "/usr/local/lib/python3.10/dist-packages/torch/nn/modules/module.py", line 1553, in _wrapped_call_impl
    return self._call_impl(*args, **kwargs)
  File "/usr/local/lib/python3.10/dist-packages/torch/nn/modules/module.py", line 1562, in _call_impl
    return forward_call(*args, **kwargs)
  File "/usr/local/lib/python3.10/dist-packages/torch/nn/parallel/distributed.py", line 1636, in forward
    else self._run_ddp_forward(*inputs, **kwargs)
  File "/usr/local/lib/python3.10/dist-packages/torch/nn/parallel/distributed.py", line 1454, in _run_ddp_forward
    return self.module(*inputs, **kwargs)  # type: ignore[index]
  File "/usr/local/lib/python3.10/dist-packages/torch/nn/modules/module.py", line 1553, in _wrapped_call_impl
    return self._call_impl(*args, **kwargs)
  File "/usr/local/lib/python3.10/dist-packages/torch/nn/modules/module.py", line 1562, in _call_impl
    return forward_call(*args, **kwargs)
  File "/usr/local/lib/python3.10/dist-packages/lightning/pytorch/strategies/strategy.py", line 635, in wrapped_forward
    out = method(*_args, **_kwargs)
  File "/workspace/sg666/MeMDLM/diffusion.py", line 545, in training_step
    loss = self._compute_loss(batch, prefix='train')
  File "/workspace/sg666/MeMDLM/diffusion.py", line 516, in _compute_loss
    losses = self._loss(batch['input_ids'], attention_mask, mask)
  File "/workspace/sg666/MeMDLM/diffusion.py", line 1305, in _loss
    loss = self._forward_pass_diffusion(input_tokens, attention_mask, mask)
  File "/workspace/sg666/MeMDLM/diffusion.py", line 1264, in _forward_pass_diffusion
    model_output = self.forward(xt, unet_conditioning, attention_mask)
  File "/workspace/sg666/MeMDLM/diffusion.py", line 468, in forward
    logits = self.backbone(x, attention_mask)
  File "/workspace/sg666/MeMDLM/diffusion.py", line 100, in __call__
    return self.model(*args, **kwargs)
  File "/usr/local/lib/python3.10/dist-packages/torch/nn/modules/module.py", line 1553, in _wrapped_call_impl
    return self._call_impl(*args, **kwargs)
  File "/usr/local/lib/python3.10/dist-packages/torch/nn/modules/module.py", line 1562, in _call_impl
    return forward_call(*args, **kwargs)
  File "/usr/local/lib/python3.10/dist-packages/transformers/models/esm/modeling_esm.py", line 1008, in forward
    outputs = self.esm(
  File "/usr/local/lib/python3.10/dist-packages/torch/nn/modules/module.py", line 1553, in _wrapped_call_impl
    return self._call_impl(*args, **kwargs)
  File "/usr/local/lib/python3.10/dist-packages/torch/nn/modules/module.py", line 1562, in _call_impl
    return forward_call(*args, **kwargs)
  File "/usr/local/lib/python3.10/dist-packages/transformers/models/esm/modeling_esm.py", line 914, in forward
    encoder_outputs = self.encoder(
  File "/usr/local/lib/python3.10/dist-packages/torch/nn/modules/module.py", line 1553, in _wrapped_call_impl
    return self._call_impl(*args, **kwargs)
  File "/usr/local/lib/python3.10/dist-packages/torch/nn/modules/module.py", line 1562, in _call_impl
    return forward_call(*args, **kwargs)
  File "/usr/local/lib/python3.10/dist-packages/transformers/models/esm/modeling_esm.py", line 619, in forward
    layer_outputs = layer_module(
  File "/usr/local/lib/python3.10/dist-packages/torch/nn/modules/module.py", line 1553, in _wrapped_call_impl
    return self._call_impl(*args, **kwargs)
  File "/usr/local/lib/python3.10/dist-packages/torch/nn/modules/module.py", line 1562, in _call_impl
    return forward_call(*args, **kwargs)
  File "/usr/local/lib/python3.10/dist-packages/transformers/models/esm/modeling_esm.py", line 509, in forward
    self_attention_outputs = self.attention(
  File "/usr/local/lib/python3.10/dist-packages/torch/nn/modules/module.py", line 1553, in _wrapped_call_impl
    return self._call_impl(*args, **kwargs)
  File "/usr/local/lib/python3.10/dist-packages/torch/nn/modules/module.py", line 1562, in _call_impl
    return forward_call(*args, **kwargs)
  File "/usr/local/lib/python3.10/dist-packages/transformers/models/esm/modeling_esm.py", line 443, in forward
    self_outputs = self.self(
  File "/usr/local/lib/python3.10/dist-packages/torch/nn/modules/module.py", line 1553, in _wrapped_call_impl
    return self._call_impl(*args, **kwargs)
  File "/usr/local/lib/python3.10/dist-packages/torch/nn/modules/module.py", line 1562, in _call_impl
    return forward_call(*args, **kwargs)
  File "/usr/local/lib/python3.10/dist-packages/transformers/models/esm/modeling_esm.py", line 347, in forward
    attention_scores = torch.matmul(query_layer, key_layer.transpose(-1, -2))
torch.OutOfMemoryError: CUDA out of memory. Tried to allocate 320.00 MiB. GPU 5 has a total capacity of 47.41 GiB of which 292.75 MiB is free. Process 3964226 has 47.11 GiB memory in use. Of the allocated memory 44.39 GiB is allocated by PyTorch, and 2.08 GiB is reserved by PyTorch but unallocated. If reserved but unallocated memory is large try setting PYTORCH_CUDA_ALLOC_CONF=expandable_segments:True to avoid fragmentation.  See documentation for Memory Management  (https://pytorch.org/docs/stable/notes/cuda.html#environment-variables)

Set the environment variable HYDRA_FULL_ERROR=1 for a complete stack trace.
Error executing job with overrides: []
Traceback (most recent call last):
  File "/workspace/sg666/MeMDLM/main.py", line 188, in main
    _train(config, logger, tokenizer, data_module)
  File "/workspace/sg666/MeMDLM/main.py", line 142, in _train
    trainer.fit(model, datamodule=data_module, ckpt_path=ckpt_path)
  File "/usr/local/lib/python3.10/dist-packages/lightning/pytorch/trainer/trainer.py", line 544, in fit
    call._call_and_handle_interrupt(
  File "/usr/local/lib/python3.10/dist-packages/lightning/pytorch/trainer/call.py", line 43, in _call_and_handle_interrupt
    return trainer.strategy.launcher.launch(trainer_fn, *args, trainer=trainer, **kwargs)
  File "/usr/local/lib/python3.10/dist-packages/lightning/pytorch/strategies/launchers/subprocess_script.py", line 105, in launch
    return function(*args, **kwargs)
  File "/usr/local/lib/python3.10/dist-packages/lightning/pytorch/trainer/trainer.py", line 580, in _fit_impl
    self._run(model, ckpt_path=ckpt_path)
  File "/usr/local/lib/python3.10/dist-packages/lightning/pytorch/trainer/trainer.py", line 987, in _run
    results = self._run_stage()
  File "/usr/local/lib/python3.10/dist-packages/lightning/pytorch/trainer/trainer.py", line 1033, in _run_stage
    self.fit_loop.run()
  File "/usr/local/lib/python3.10/dist-packages/lightning/pytorch/loops/fit_loop.py", line 205, in run
    self.advance()
  File "/usr/local/lib/python3.10/dist-packages/lightning/pytorch/loops/fit_loop.py", line 363, in advance
    self.epoch_loop.run(self._data_fetcher)
  File "/usr/local/lib/python3.10/dist-packages/lightning/pytorch/loops/training_epoch_loop.py", line 140, in run
    self.advance(data_fetcher)
  File "/usr/local/lib/python3.10/dist-packages/lightning/pytorch/loops/training_epoch_loop.py", line 250, in advance
    batch_output = self.automatic_optimization.run(trainer.optimizers[0], batch_idx, kwargs)
  File "/usr/local/lib/python3.10/dist-packages/lightning/pytorch/loops/optimization/automatic.py", line 190, in run
    self._optimizer_step(batch_idx, closure)
  File "/usr/local/lib/python3.10/dist-packages/lightning/pytorch/loops/optimization/automatic.py", line 268, in _optimizer_step
    call._call_lightning_module_hook(
  File "/usr/local/lib/python3.10/dist-packages/lightning/pytorch/trainer/call.py", line 157, in _call_lightning_module_hook
    output = fn(*args, **kwargs)
  File "/workspace/sg666/MeMDLM/diffusion.py", line 386, in optimizer_step
    super().optimizer_step(*args, **kwargs)
  File "/usr/local/lib/python3.10/dist-packages/lightning/pytorch/core/module.py", line 1303, in optimizer_step
    optimizer.step(closure=optimizer_closure)
  File "/usr/local/lib/python3.10/dist-packages/lightning/pytorch/core/optimizer.py", line 152, in step
    step_output = self._strategy.optimizer_step(self._optimizer, closure, **kwargs)
  File "/usr/local/lib/python3.10/dist-packages/lightning/pytorch/strategies/ddp.py", line 270, in optimizer_step
    optimizer_output = super().optimizer_step(optimizer, closure, model, **kwargs)
  File "/usr/local/lib/python3.10/dist-packages/lightning/pytorch/strategies/strategy.py", line 239, in optimizer_step
    return self.precision_plugin.optimizer_step(optimizer, model=model, closure=closure, **kwargs)
  File "/usr/local/lib/python3.10/dist-packages/lightning/pytorch/plugins/precision/precision.py", line 122, in optimizer_step
    return optimizer.step(closure=closure, **kwargs)
  File "/usr/local/lib/python3.10/dist-packages/torch/optim/lr_scheduler.py", line 130, in wrapper
    return func.__get__(opt, opt.__class__)(*args, **kwargs)
  File "/usr/local/lib/python3.10/dist-packages/torch/optim/optimizer.py", line 484, in wrapper
    out = func(*args, **kwargs)
  File "/usr/local/lib/python3.10/dist-packages/torch/optim/optimizer.py", line 89, in _use_grad
    ret = func(self, *args, **kwargs)
  File "/usr/local/lib/python3.10/dist-packages/torch/optim/adamw.py", line 204, in step
    loss = closure()
  File "/usr/local/lib/python3.10/dist-packages/lightning/pytorch/plugins/precision/precision.py", line 108, in _wrap_closure
    closure_result = closure()
  File "/usr/local/lib/python3.10/dist-packages/lightning/pytorch/loops/optimization/automatic.py", line 144, in __call__
    self._result = self.closure(*args, **kwargs)
  File "/usr/local/lib/python3.10/dist-packages/torch/utils/_contextlib.py", line 116, in decorate_context
    return func(*args, **kwargs)
  File "/usr/local/lib/python3.10/dist-packages/lightning/pytorch/loops/optimization/automatic.py", line 129, in closure
    step_output = self._step_fn()
  File "/usr/local/lib/python3.10/dist-packages/lightning/pytorch/loops/optimization/automatic.py", line 318, in _training_step
    training_step_output = call._call_strategy_hook(trainer, "training_step", *kwargs.values())
  File "/usr/local/lib/python3.10/dist-packages/lightning/pytorch/trainer/call.py", line 309, in _call_strategy_hook
    output = fn(*args, **kwargs)
  File "/usr/local/lib/python3.10/dist-packages/lightning/pytorch/strategies/strategy.py", line 390, in training_step
    return self._forward_redirection(self.model, self.lightning_module, "training_step", *args, **kwargs)
  File "/usr/local/lib/python3.10/dist-packages/lightning/pytorch/strategies/strategy.py", line 642, in __call__
    wrapper_output = wrapper_module(*args, **kwargs)
  File "/usr/local/lib/python3.10/dist-packages/torch/nn/modules/module.py", line 1553, in _wrapped_call_impl
    return self._call_impl(*args, **kwargs)
  File "/usr/local/lib/python3.10/dist-packages/torch/nn/modules/module.py", line 1562, in _call_impl
    return forward_call(*args, **kwargs)
  File "/usr/local/lib/python3.10/dist-packages/torch/nn/parallel/distributed.py", line 1636, in forward
    else self._run_ddp_forward(*inputs, **kwargs)
  File "/usr/local/lib/python3.10/dist-packages/torch/nn/parallel/distributed.py", line 1454, in _run_ddp_forward
    return self.module(*inputs, **kwargs)  # type: ignore[index]
  File "/usr/local/lib/python3.10/dist-packages/torch/nn/modules/module.py", line 1553, in _wrapped_call_impl
    return self._call_impl(*args, **kwargs)
  File "/usr/local/lib/python3.10/dist-packages/torch/nn/modules/module.py", line 1562, in _call_impl
    return forward_call(*args, **kwargs)
  File "/usr/local/lib/python3.10/dist-packages/lightning/pytorch/strategies/strategy.py", line 635, in wrapped_forward
    out = method(*_args, **_kwargs)
  File "/workspace/sg666/MeMDLM/diffusion.py", line 545, in training_step
    loss = self._compute_loss(batch, prefix='train')
  File "/workspace/sg666/MeMDLM/diffusion.py", line 516, in _compute_loss
    losses = self._loss(batch['input_ids'], attention_mask, mask)
  File "/workspace/sg666/MeMDLM/diffusion.py", line 1305, in _loss
    loss = self._forward_pass_diffusion(input_tokens, attention_mask, mask)
  File "/workspace/sg666/MeMDLM/diffusion.py", line 1264, in _forward_pass_diffusion
    model_output = self.forward(xt, unet_conditioning, attention_mask)
  File "/workspace/sg666/MeMDLM/diffusion.py", line 468, in forward
    logits = self.backbone(x, attention_mask)
  File "/workspace/sg666/MeMDLM/diffusion.py", line 100, in __call__
    return self.model(*args, **kwargs)
  File "/usr/local/lib/python3.10/dist-packages/torch/nn/modules/module.py", line 1553, in _wrapped_call_impl
    return self._call_impl(*args, **kwargs)
  File "/usr/local/lib/python3.10/dist-packages/torch/nn/modules/module.py", line 1562, in _call_impl
    return forward_call(*args, **kwargs)
  File "/usr/local/lib/python3.10/dist-packages/transformers/models/esm/modeling_esm.py", line 1008, in forward
    outputs = self.esm(
  File "/usr/local/lib/python3.10/dist-packages/torch/nn/modules/module.py", line 1553, in _wrapped_call_impl
    return self._call_impl(*args, **kwargs)
  File "/usr/local/lib/python3.10/dist-packages/torch/nn/modules/module.py", line 1562, in _call_impl
    return forward_call(*args, **kwargs)
  File "/usr/local/lib/python3.10/dist-packages/transformers/models/esm/modeling_esm.py", line 914, in forward
    encoder_outputs = self.encoder(
  File "/usr/local/lib/python3.10/dist-packages/torch/nn/modules/module.py", line 1553, in _wrapped_call_impl
    return self._call_impl(*args, **kwargs)
  File "/usr/local/lib/python3.10/dist-packages/torch/nn/modules/module.py", line 1562, in _call_impl
    return forward_call(*args, **kwargs)
  File "/usr/local/lib/python3.10/dist-packages/transformers/models/esm/modeling_esm.py", line 619, in forward
    layer_outputs = layer_module(
  File "/usr/local/lib/python3.10/dist-packages/torch/nn/modules/module.py", line 1553, in _wrapped_call_impl
    return self._call_impl(*args, **kwargs)
  File "/usr/local/lib/python3.10/dist-packages/torch/nn/modules/module.py", line 1562, in _call_impl
    return forward_call(*args, **kwargs)
  File "/usr/local/lib/python3.10/dist-packages/transformers/models/esm/modeling_esm.py", line 509, in forward
    self_attention_outputs = self.attention(
  File "/usr/local/lib/python3.10/dist-packages/torch/nn/modules/module.py", line 1553, in _wrapped_call_impl
    return self._call_impl(*args, **kwargs)
  File "/usr/local/lib/python3.10/dist-packages/torch/nn/modules/module.py", line 1562, in _call_impl
    return forward_call(*args, **kwargs)
  File "/usr/local/lib/python3.10/dist-packages/transformers/models/esm/modeling_esm.py", line 443, in forward
    self_outputs = self.self(
  File "/usr/local/lib/python3.10/dist-packages/torch/nn/modules/module.py", line 1553, in _wrapped_call_impl
    return self._call_impl(*args, **kwargs)
  File "/usr/local/lib/python3.10/dist-packages/torch/nn/modules/module.py", line 1562, in _call_impl
    return forward_call(*args, **kwargs)
  File "/usr/local/lib/python3.10/dist-packages/transformers/models/esm/modeling_esm.py", line 347, in forward
    attention_scores = torch.matmul(query_layer, key_layer.transpose(-1, -2))
torch.OutOfMemoryError: CUDA out of memory. Tried to allocate 320.00 MiB. GPU 4 has a total capacity of 47.41 GiB of which 66.75 MiB is free. Process 3964225 has 47.33 GiB memory in use. Of the allocated memory 44.39 GiB is allocated by PyTorch, and 2.30 GiB is reserved by PyTorch but unallocated. If reserved but unallocated memory is large try setting PYTORCH_CUDA_ALLOC_CONF=expandable_segments:True to avoid fragmentation.  See documentation for Memory Management  (https://pytorch.org/docs/stable/notes/cuda.html#environment-variables)

Set the environment variable HYDRA_FULL_ERROR=1 for a complete stack trace.
Error executing job with overrides: []
Error executing job with overrides: []
Traceback (most recent call last):
  File "/workspace/sg666/MeMDLM/main.py", line 188, in main
    _train(config, logger, tokenizer, data_module)
  File "/workspace/sg666/MeMDLM/main.py", line 142, in _train
    trainer.fit(model, datamodule=data_module, ckpt_path=ckpt_path)
  File "/usr/local/lib/python3.10/dist-packages/lightning/pytorch/trainer/trainer.py", line 544, in fit
    call._call_and_handle_interrupt(
  File "/usr/local/lib/python3.10/dist-packages/lightning/pytorch/trainer/call.py", line 43, in _call_and_handle_interrupt
    return trainer.strategy.launcher.launch(trainer_fn, *args, trainer=trainer, **kwargs)
  File "/usr/local/lib/python3.10/dist-packages/lightning/pytorch/strategies/launchers/subprocess_script.py", line 105, in launch
    return function(*args, **kwargs)
  File "/usr/local/lib/python3.10/dist-packages/lightning/pytorch/trainer/trainer.py", line 580, in _fit_impl
    self._run(model, ckpt_path=ckpt_path)
  File "/usr/local/lib/python3.10/dist-packages/lightning/pytorch/trainer/trainer.py", line 987, in _run
    results = self._run_stage()
  File "/usr/local/lib/python3.10/dist-packages/lightning/pytorch/trainer/trainer.py", line 1033, in _run_stage
    self.fit_loop.run()
  File "/usr/local/lib/python3.10/dist-packages/lightning/pytorch/loops/fit_loop.py", line 205, in run
    self.advance()
  File "/usr/local/lib/python3.10/dist-packages/lightning/pytorch/loops/fit_loop.py", line 363, in advance
    self.epoch_loop.run(self._data_fetcher)
  File "/usr/local/lib/python3.10/dist-packages/lightning/pytorch/loops/training_epoch_loop.py", line 140, in run
    self.advance(data_fetcher)
  File "/usr/local/lib/python3.10/dist-packages/lightning/pytorch/loops/training_epoch_loop.py", line 250, in advance
    batch_output = self.automatic_optimization.run(trainer.optimizers[0], batch_idx, kwargs)
  File "/usr/local/lib/python3.10/dist-packages/lightning/pytorch/loops/optimization/automatic.py", line 190, in run
    self._optimizer_step(batch_idx, closure)
  File "/usr/local/lib/python3.10/dist-packages/lightning/pytorch/loops/optimization/automatic.py", line 268, in _optimizer_step
    call._call_lightning_module_hook(
  File "/usr/local/lib/python3.10/dist-packages/lightning/pytorch/trainer/call.py", line 157, in _call_lightning_module_hook
    output = fn(*args, **kwargs)
  File "/workspace/sg666/MeMDLM/diffusion.py", line 386, in optimizer_step
    super().optimizer_step(*args, **kwargs)
  File "/usr/local/lib/python3.10/dist-packages/lightning/pytorch/core/module.py", line 1303, in optimizer_step
    optimizer.step(closure=optimizer_closure)
  File "/usr/local/lib/python3.10/dist-packages/lightning/pytorch/core/optimizer.py", line 152, in step
    step_output = self._strategy.optimizer_step(self._optimizer, closure, **kwargs)
  File "/usr/local/lib/python3.10/dist-packages/lightning/pytorch/strategies/ddp.py", line 270, in optimizer_step
    optimizer_output = super().optimizer_step(optimizer, closure, model, **kwargs)
  File "/usr/local/lib/python3.10/dist-packages/lightning/pytorch/strategies/strategy.py", line 239, in optimizer_step
    return self.precision_plugin.optimizer_step(optimizer, model=model, closure=closure, **kwargs)
  File "/usr/local/lib/python3.10/dist-packages/lightning/pytorch/plugins/precision/precision.py", line 122, in optimizer_step
    return optimizer.step(closure=closure, **kwargs)
  File "/usr/local/lib/python3.10/dist-packages/torch/optim/lr_scheduler.py", line 130, in wrapper
    return func.__get__(opt, opt.__class__)(*args, **kwargs)
  File "/usr/local/lib/python3.10/dist-packages/torch/optim/optimizer.py", line 484, in wrapper
    out = func(*args, **kwargs)
  File "/usr/local/lib/python3.10/dist-packages/torch/optim/optimizer.py", line 89, in _use_grad
    ret = func(self, *args, **kwargs)
  File "/usr/local/lib/python3.10/dist-packages/torch/optim/adamw.py", line 204, in step
    loss = closure()
  File "/usr/local/lib/python3.10/dist-packages/lightning/pytorch/plugins/precision/precision.py", line 108, in _wrap_closure
    closure_result = closure()
  File "/usr/local/lib/python3.10/dist-packages/lightning/pytorch/loops/optimization/automatic.py", line 144, in __call__
    self._result = self.closure(*args, **kwargs)
  File "/usr/local/lib/python3.10/dist-packages/torch/utils/_contextlib.py", line 116, in decorate_context
    return func(*args, **kwargs)
  File "/usr/local/lib/python3.10/dist-packages/lightning/pytorch/loops/optimization/automatic.py", line 129, in closure
    step_output = self._step_fn()
  File "/usr/local/lib/python3.10/dist-packages/lightning/pytorch/loops/optimization/automatic.py", line 318, in _training_step
    training_step_output = call._call_strategy_hook(trainer, "training_step", *kwargs.values())
  File "/usr/local/lib/python3.10/dist-packages/lightning/pytorch/trainer/call.py", line 309, in _call_strategy_hook
    output = fn(*args, **kwargs)
  File "/usr/local/lib/python3.10/dist-packages/lightning/pytorch/strategies/strategy.py", line 390, in training_step
    return self._forward_redirection(self.model, self.lightning_module, "training_step", *args, **kwargs)
  File "/usr/local/lib/python3.10/dist-packages/lightning/pytorch/strategies/strategy.py", line 642, in __call__
    wrapper_output = wrapper_module(*args, **kwargs)
  File "/usr/local/lib/python3.10/dist-packages/torch/nn/modules/module.py", line 1553, in _wrapped_call_impl
    return self._call_impl(*args, **kwargs)
  File "/usr/local/lib/python3.10/dist-packages/torch/nn/modules/module.py", line 1562, in _call_impl
    return forward_call(*args, **kwargs)
  File "/usr/local/lib/python3.10/dist-packages/torch/nn/parallel/distributed.py", line 1636, in forward
    else self._run_ddp_forward(*inputs, **kwargs)
  File "/usr/local/lib/python3.10/dist-packages/torch/nn/parallel/distributed.py", line 1454, in _run_ddp_forward
    return self.module(*inputs, **kwargs)  # type: ignore[index]
  File "/usr/local/lib/python3.10/dist-packages/torch/nn/modules/module.py", line 1553, in _wrapped_call_impl
    return self._call_impl(*args, **kwargs)
  File "/usr/local/lib/python3.10/dist-packages/torch/nn/modules/module.py", line 1562, in _call_impl
    return forward_call(*args, **kwargs)
  File "/usr/local/lib/python3.10/dist-packages/lightning/pytorch/strategies/strategy.py", line 635, in wrapped_forward
    out = method(*_args, **_kwargs)
  File "/workspace/sg666/MeMDLM/diffusion.py", line 545, in training_step
    loss = self._compute_loss(batch, prefix='train')
  File "/workspace/sg666/MeMDLM/diffusion.py", line 516, in _compute_loss
    losses = self._loss(batch['input_ids'], attention_mask, mask)
  File "/workspace/sg666/MeMDLM/diffusion.py", line 1305, in _loss
    loss = self._forward_pass_diffusion(input_tokens, attention_mask, mask)
  File "/workspace/sg666/MeMDLM/diffusion.py", line 1264, in _forward_pass_diffusion
    model_output = self.forward(xt, unet_conditioning, attention_mask)
  File "/workspace/sg666/MeMDLM/diffusion.py", line 468, in forward
    logits = self.backbone(x, attention_mask)
  File "/workspace/sg666/MeMDLM/diffusion.py", line 100, in __call__
    return self.model(*args, **kwargs)
  File "/usr/local/lib/python3.10/dist-packages/torch/nn/modules/module.py", line 1553, in _wrapped_call_impl
    return self._call_impl(*args, **kwargs)
  File "/usr/local/lib/python3.10/dist-packages/torch/nn/modules/module.py", line 1562, in _call_impl
    return forward_call(*args, **kwargs)
  File "/usr/local/lib/python3.10/dist-packages/transformers/models/esm/modeling_esm.py", line 1008, in forward
    outputs = self.esm(
  File "/usr/local/lib/python3.10/dist-packages/torch/nn/modules/module.py", line 1553, in _wrapped_call_impl
    return self._call_impl(*args, **kwargs)
  File "/usr/local/lib/python3.10/dist-packages/torch/nn/modules/module.py", line 1562, in _call_impl
    return forward_call(*args, **kwargs)
  File "/usr/local/lib/python3.10/dist-packages/transformers/models/esm/modeling_esm.py", line 914, in forward
    encoder_outputs = self.encoder(
  File "/usr/local/lib/python3.10/dist-packages/torch/nn/modules/module.py", line 1553, in _wrapped_call_impl
    return self._call_impl(*args, **kwargs)
  File "/usr/local/lib/python3.10/dist-packages/torch/nn/modules/module.py", line 1562, in _call_impl
    return forward_call(*args, **kwargs)
  File "/usr/local/lib/python3.10/dist-packages/transformers/models/esm/modeling_esm.py", line 619, in forward
    layer_outputs = layer_module(
  File "/usr/local/lib/python3.10/dist-packages/torch/nn/modules/module.py", line 1553, in _wrapped_call_impl
    return self._call_impl(*args, **kwargs)
  File "/usr/local/lib/python3.10/dist-packages/torch/nn/modules/module.py", line 1562, in _call_impl
    return forward_call(*args, **kwargs)
  File "/usr/local/lib/python3.10/dist-packages/transformers/models/esm/modeling_esm.py", line 509, in forward
    self_attention_outputs = self.attention(
  File "/usr/local/lib/python3.10/dist-packages/torch/nn/modules/module.py", line 1553, in _wrapped_call_impl
    return self._call_impl(*args, **kwargs)
  File "/usr/local/lib/python3.10/dist-packages/torch/nn/modules/module.py", line 1562, in _call_impl
    return forward_call(*args, **kwargs)
  File "/usr/local/lib/python3.10/dist-packages/transformers/models/esm/modeling_esm.py", line 443, in forward
    self_outputs = self.self(
  File "/usr/local/lib/python3.10/dist-packages/torch/nn/modules/module.py", line 1553, in _wrapped_call_impl
    return self._call_impl(*args, **kwargs)
  File "/usr/local/lib/python3.10/dist-packages/torch/nn/modules/module.py", line 1562, in _call_impl
    return forward_call(*args, **kwargs)
  File "/usr/local/lib/python3.10/dist-packages/transformers/models/esm/modeling_esm.py", line 347, in forward
    attention_scores = torch.matmul(query_layer, key_layer.transpose(-1, -2))
torch.OutOfMemoryError: CUDA out of memory. Tried to allocate 320.00 MiB. GPU 0 has a total capacity of 47.41 GiB of which 292.75 MiB is free. Process 3963854 has 47.11 GiB memory in use. Of the allocated memory 44.39 GiB is allocated by PyTorch, and 2.08 GiB is reserved by PyTorch but unallocated. If reserved but unallocated memory is large try setting PYTORCH_CUDA_ALLOC_CONF=expandable_segments:True to avoid fragmentation.  See documentation for Memory Management  (https://pytorch.org/docs/stable/notes/cuda.html#environment-variables)

Set the environment variable HYDRA_FULL_ERROR=1 for a complete stack trace.
wandb: Waiting for W&B process to finish... (failed 1). Press Control-C to abort syncing.
Traceback (most recent call last):
  File "/workspace/sg666/MeMDLM/main.py", line 188, in main
    _train(config, logger, tokenizer, data_module)
  File "/workspace/sg666/MeMDLM/main.py", line 142, in _train
    trainer.fit(model, datamodule=data_module, ckpt_path=ckpt_path)
  File "/usr/local/lib/python3.10/dist-packages/lightning/pytorch/trainer/trainer.py", line 544, in fit
    call._call_and_handle_interrupt(
  File "/usr/local/lib/python3.10/dist-packages/lightning/pytorch/trainer/call.py", line 43, in _call_and_handle_interrupt
    return trainer.strategy.launcher.launch(trainer_fn, *args, trainer=trainer, **kwargs)
  File "/usr/local/lib/python3.10/dist-packages/lightning/pytorch/strategies/launchers/subprocess_script.py", line 105, in launch
    return function(*args, **kwargs)
  File "/usr/local/lib/python3.10/dist-packages/lightning/pytorch/trainer/trainer.py", line 580, in _fit_impl
    self._run(model, ckpt_path=ckpt_path)
  File "/usr/local/lib/python3.10/dist-packages/lightning/pytorch/trainer/trainer.py", line 987, in _run
    results = self._run_stage()
  File "/usr/local/lib/python3.10/dist-packages/lightning/pytorch/trainer/trainer.py", line 1033, in _run_stage
    self.fit_loop.run()
  File "/usr/local/lib/python3.10/dist-packages/lightning/pytorch/loops/fit_loop.py", line 205, in run
    self.advance()
  File "/usr/local/lib/python3.10/dist-packages/lightning/pytorch/loops/fit_loop.py", line 363, in advance
    self.epoch_loop.run(self._data_fetcher)
  File "/usr/local/lib/python3.10/dist-packages/lightning/pytorch/loops/training_epoch_loop.py", line 140, in run
    self.advance(data_fetcher)
  File "/usr/local/lib/python3.10/dist-packages/lightning/pytorch/loops/training_epoch_loop.py", line 250, in advance
    batch_output = self.automatic_optimization.run(trainer.optimizers[0], batch_idx, kwargs)
  File "/usr/local/lib/python3.10/dist-packages/lightning/pytorch/loops/optimization/automatic.py", line 190, in run
    self._optimizer_step(batch_idx, closure)
  File "/usr/local/lib/python3.10/dist-packages/lightning/pytorch/loops/optimization/automatic.py", line 268, in _optimizer_step
    call._call_lightning_module_hook(
  File "/usr/local/lib/python3.10/dist-packages/lightning/pytorch/trainer/call.py", line 157, in _call_lightning_module_hook
    output = fn(*args, **kwargs)
  File "/workspace/sg666/MeMDLM/diffusion.py", line 386, in optimizer_step
    super().optimizer_step(*args, **kwargs)
  File "/usr/local/lib/python3.10/dist-packages/lightning/pytorch/core/module.py", line 1303, in optimizer_step
    optimizer.step(closure=optimizer_closure)
  File "/usr/local/lib/python3.10/dist-packages/lightning/pytorch/core/optimizer.py", line 152, in step
    step_output = self._strategy.optimizer_step(self._optimizer, closure, **kwargs)
  File "/usr/local/lib/python3.10/dist-packages/lightning/pytorch/strategies/ddp.py", line 270, in optimizer_step
    optimizer_output = super().optimizer_step(optimizer, closure, model, **kwargs)
  File "/usr/local/lib/python3.10/dist-packages/lightning/pytorch/strategies/strategy.py", line 239, in optimizer_step
    return self.precision_plugin.optimizer_step(optimizer, model=model, closure=closure, **kwargs)
  File "/usr/local/lib/python3.10/dist-packages/lightning/pytorch/plugins/precision/precision.py", line 122, in optimizer_step
    return optimizer.step(closure=closure, **kwargs)
  File "/usr/local/lib/python3.10/dist-packages/torch/optim/lr_scheduler.py", line 130, in wrapper
    return func.__get__(opt, opt.__class__)(*args, **kwargs)
  File "/usr/local/lib/python3.10/dist-packages/torch/optim/optimizer.py", line 484, in wrapper
    out = func(*args, **kwargs)
  File "/usr/local/lib/python3.10/dist-packages/torch/optim/optimizer.py", line 89, in _use_grad
    ret = func(self, *args, **kwargs)
  File "/usr/local/lib/python3.10/dist-packages/torch/optim/adamw.py", line 204, in step
    loss = closure()
  File "/usr/local/lib/python3.10/dist-packages/lightning/pytorch/plugins/precision/precision.py", line 108, in _wrap_closure
    closure_result = closure()
  File "/usr/local/lib/python3.10/dist-packages/lightning/pytorch/loops/optimization/automatic.py", line 144, in __call__
    self._result = self.closure(*args, **kwargs)
  File "/usr/local/lib/python3.10/dist-packages/torch/utils/_contextlib.py", line 116, in decorate_context
    return func(*args, **kwargs)
  File "/usr/local/lib/python3.10/dist-packages/lightning/pytorch/loops/optimization/automatic.py", line 129, in closure
    step_output = self._step_fn()
  File "/usr/local/lib/python3.10/dist-packages/lightning/pytorch/loops/optimization/automatic.py", line 318, in _training_step
    training_step_output = call._call_strategy_hook(trainer, "training_step", *kwargs.values())
  File "/usr/local/lib/python3.10/dist-packages/lightning/pytorch/trainer/call.py", line 309, in _call_strategy_hook
    output = fn(*args, **kwargs)
  File "/usr/local/lib/python3.10/dist-packages/lightning/pytorch/strategies/strategy.py", line 390, in training_step
    return self._forward_redirection(self.model, self.lightning_module, "training_step", *args, **kwargs)
  File "/usr/local/lib/python3.10/dist-packages/lightning/pytorch/strategies/strategy.py", line 642, in __call__
    wrapper_output = wrapper_module(*args, **kwargs)
  File "/usr/local/lib/python3.10/dist-packages/torch/nn/modules/module.py", line 1553, in _wrapped_call_impl
    return self._call_impl(*args, **kwargs)
  File "/usr/local/lib/python3.10/dist-packages/torch/nn/modules/module.py", line 1562, in _call_impl
    return forward_call(*args, **kwargs)
  File "/usr/local/lib/python3.10/dist-packages/torch/nn/parallel/distributed.py", line 1636, in forward
    else self._run_ddp_forward(*inputs, **kwargs)
  File "/usr/local/lib/python3.10/dist-packages/torch/nn/parallel/distributed.py", line 1454, in _run_ddp_forward
    return self.module(*inputs, **kwargs)  # type: ignore[index]
  File "/usr/local/lib/python3.10/dist-packages/torch/nn/modules/module.py", line 1553, in _wrapped_call_impl
    return self._call_impl(*args, **kwargs)
  File "/usr/local/lib/python3.10/dist-packages/torch/nn/modules/module.py", line 1562, in _call_impl
    return forward_call(*args, **kwargs)
  File "/usr/local/lib/python3.10/dist-packages/lightning/pytorch/strategies/strategy.py", line 635, in wrapped_forward
    out = method(*_args, **_kwargs)
  File "/workspace/sg666/MeMDLM/diffusion.py", line 545, in training_step
    loss = self._compute_loss(batch, prefix='train')
  File "/workspace/sg666/MeMDLM/diffusion.py", line 516, in _compute_loss
    losses = self._loss(batch['input_ids'], attention_mask, mask)
  File "/workspace/sg666/MeMDLM/diffusion.py", line 1305, in _loss
    loss = self._forward_pass_diffusion(input_tokens, attention_mask, mask)
  File "/workspace/sg666/MeMDLM/diffusion.py", line 1264, in _forward_pass_diffusion
    model_output = self.forward(xt, unet_conditioning, attention_mask)
  File "/workspace/sg666/MeMDLM/diffusion.py", line 468, in forward
    logits = self.backbone(x, attention_mask)
  File "/workspace/sg666/MeMDLM/diffusion.py", line 100, in __call__
    return self.model(*args, **kwargs)
  File "/usr/local/lib/python3.10/dist-packages/torch/nn/modules/module.py", line 1553, in _wrapped_call_impl
    return self._call_impl(*args, **kwargs)
  File "/usr/local/lib/python3.10/dist-packages/torch/nn/modules/module.py", line 1562, in _call_impl
    return forward_call(*args, **kwargs)
  File "/usr/local/lib/python3.10/dist-packages/transformers/models/esm/modeling_esm.py", line 1008, in forward
    outputs = self.esm(
  File "/usr/local/lib/python3.10/dist-packages/torch/nn/modules/module.py", line 1553, in _wrapped_call_impl
    return self._call_impl(*args, **kwargs)
  File "/usr/local/lib/python3.10/dist-packages/torch/nn/modules/module.py", line 1562, in _call_impl
    return forward_call(*args, **kwargs)
  File "/usr/local/lib/python3.10/dist-packages/transformers/models/esm/modeling_esm.py", line 914, in forward
    encoder_outputs = self.encoder(
  File "/usr/local/lib/python3.10/dist-packages/torch/nn/modules/module.py", line 1553, in _wrapped_call_impl
    return self._call_impl(*args, **kwargs)
  File "/usr/local/lib/python3.10/dist-packages/torch/nn/modules/module.py", line 1562, in _call_impl
    return forward_call(*args, **kwargs)
  File "/usr/local/lib/python3.10/dist-packages/transformers/models/esm/modeling_esm.py", line 619, in forward
    layer_outputs = layer_module(
  File "/usr/local/lib/python3.10/dist-packages/torch/nn/modules/module.py", line 1553, in _wrapped_call_impl
    return self._call_impl(*args, **kwargs)
  File "/usr/local/lib/python3.10/dist-packages/torch/nn/modules/module.py", line 1562, in _call_impl
    return forward_call(*args, **kwargs)
  File "/usr/local/lib/python3.10/dist-packages/transformers/models/esm/modeling_esm.py", line 509, in forward
    self_attention_outputs = self.attention(
  File "/usr/local/lib/python3.10/dist-packages/torch/nn/modules/module.py", line 1553, in _wrapped_call_impl
    return self._call_impl(*args, **kwargs)
  File "/usr/local/lib/python3.10/dist-packages/torch/nn/modules/module.py", line 1562, in _call_impl
    return forward_call(*args, **kwargs)
  File "/usr/local/lib/python3.10/dist-packages/transformers/models/esm/modeling_esm.py", line 443, in forward
    self_outputs = self.self(
  File "/usr/local/lib/python3.10/dist-packages/torch/nn/modules/module.py", line 1553, in _wrapped_call_impl
    return self._call_impl(*args, **kwargs)
  File "/usr/local/lib/python3.10/dist-packages/torch/nn/modules/module.py", line 1562, in _call_impl
    return forward_call(*args, **kwargs)
  File "/usr/local/lib/python3.10/dist-packages/transformers/models/esm/modeling_esm.py", line 347, in forward
    attention_scores = torch.matmul(query_layer, key_layer.transpose(-1, -2))
torch.OutOfMemoryError: CUDA out of memory. Tried to allocate 320.00 MiB. GPU 1 has a total capacity of 47.41 GiB of which 292.75 MiB is free. Process 3964222 has 47.11 GiB memory in use. Of the allocated memory 44.39 GiB is allocated by PyTorch, and 2.08 GiB is reserved by PyTorch but unallocated. If reserved but unallocated memory is large try setting PYTORCH_CUDA_ALLOC_CONF=expandable_segments:True to avoid fragmentation.  See documentation for Memory Management  (https://pytorch.org/docs/stable/notes/cuda.html#environment-variables)

Set the environment variable HYDRA_FULL_ERROR=1 for a complete stack trace.
Error executing job with overrides: []
Traceback (most recent call last):
  File "/workspace/sg666/MeMDLM/main.py", line 188, in main
    _train(config, logger, tokenizer, data_module)
  File "/workspace/sg666/MeMDLM/main.py", line 142, in _train
    trainer.fit(model, datamodule=data_module, ckpt_path=ckpt_path)
  File "/usr/local/lib/python3.10/dist-packages/lightning/pytorch/trainer/trainer.py", line 544, in fit
    call._call_and_handle_interrupt(
  File "/usr/local/lib/python3.10/dist-packages/lightning/pytorch/trainer/call.py", line 43, in _call_and_handle_interrupt
    return trainer.strategy.launcher.launch(trainer_fn, *args, trainer=trainer, **kwargs)
  File "/usr/local/lib/python3.10/dist-packages/lightning/pytorch/strategies/launchers/subprocess_script.py", line 105, in launch
    return function(*args, **kwargs)
  File "/usr/local/lib/python3.10/dist-packages/lightning/pytorch/trainer/trainer.py", line 580, in _fit_impl
    self._run(model, ckpt_path=ckpt_path)
  File "/usr/local/lib/python3.10/dist-packages/lightning/pytorch/trainer/trainer.py", line 987, in _run
    results = self._run_stage()
  File "/usr/local/lib/python3.10/dist-packages/lightning/pytorch/trainer/trainer.py", line 1033, in _run_stage
    self.fit_loop.run()
  File "/usr/local/lib/python3.10/dist-packages/lightning/pytorch/loops/fit_loop.py", line 205, in run
    self.advance()
  File "/usr/local/lib/python3.10/dist-packages/lightning/pytorch/loops/fit_loop.py", line 363, in advance
    self.epoch_loop.run(self._data_fetcher)
  File "/usr/local/lib/python3.10/dist-packages/lightning/pytorch/loops/training_epoch_loop.py", line 140, in run
    self.advance(data_fetcher)
  File "/usr/local/lib/python3.10/dist-packages/lightning/pytorch/loops/training_epoch_loop.py", line 250, in advance
    batch_output = self.automatic_optimization.run(trainer.optimizers[0], batch_idx, kwargs)
  File "/usr/local/lib/python3.10/dist-packages/lightning/pytorch/loops/optimization/automatic.py", line 190, in run
    self._optimizer_step(batch_idx, closure)
  File "/usr/local/lib/python3.10/dist-packages/lightning/pytorch/loops/optimization/automatic.py", line 268, in _optimizer_step
    call._call_lightning_module_hook(
  File "/usr/local/lib/python3.10/dist-packages/lightning/pytorch/trainer/call.py", line 157, in _call_lightning_module_hook
    output = fn(*args, **kwargs)
  File "/workspace/sg666/MeMDLM/diffusion.py", line 386, in optimizer_step
    super().optimizer_step(*args, **kwargs)
  File "/usr/local/lib/python3.10/dist-packages/lightning/pytorch/core/module.py", line 1303, in optimizer_step
    optimizer.step(closure=optimizer_closure)
  File "/usr/local/lib/python3.10/dist-packages/lightning/pytorch/core/optimizer.py", line 152, in step
    step_output = self._strategy.optimizer_step(self._optimizer, closure, **kwargs)
  File "/usr/local/lib/python3.10/dist-packages/lightning/pytorch/strategies/ddp.py", line 270, in optimizer_step
    optimizer_output = super().optimizer_step(optimizer, closure, model, **kwargs)
  File "/usr/local/lib/python3.10/dist-packages/lightning/pytorch/strategies/strategy.py", line 239, in optimizer_step
    return self.precision_plugin.optimizer_step(optimizer, model=model, closure=closure, **kwargs)
  File "/usr/local/lib/python3.10/dist-packages/lightning/pytorch/plugins/precision/precision.py", line 122, in optimizer_step
    return optimizer.step(closure=closure, **kwargs)
  File "/usr/local/lib/python3.10/dist-packages/torch/optim/lr_scheduler.py", line 130, in wrapper
    return func.__get__(opt, opt.__class__)(*args, **kwargs)
  File "/usr/local/lib/python3.10/dist-packages/torch/optim/optimizer.py", line 484, in wrapper
    out = func(*args, **kwargs)
  File "/usr/local/lib/python3.10/dist-packages/torch/optim/optimizer.py", line 89, in _use_grad
    ret = func(self, *args, **kwargs)
  File "/usr/local/lib/python3.10/dist-packages/torch/optim/adamw.py", line 204, in step
    loss = closure()
  File "/usr/local/lib/python3.10/dist-packages/lightning/pytorch/plugins/precision/precision.py", line 108, in _wrap_closure
    closure_result = closure()
  File "/usr/local/lib/python3.10/dist-packages/lightning/pytorch/loops/optimization/automatic.py", line 144, in __call__
    self._result = self.closure(*args, **kwargs)
  File "/usr/local/lib/python3.10/dist-packages/torch/utils/_contextlib.py", line 116, in decorate_context
    return func(*args, **kwargs)
  File "/usr/local/lib/python3.10/dist-packages/lightning/pytorch/loops/optimization/automatic.py", line 129, in closure
    step_output = self._step_fn()
  File "/usr/local/lib/python3.10/dist-packages/lightning/pytorch/loops/optimization/automatic.py", line 318, in _training_step
    training_step_output = call._call_strategy_hook(trainer, "training_step", *kwargs.values())
  File "/usr/local/lib/python3.10/dist-packages/lightning/pytorch/trainer/call.py", line 309, in _call_strategy_hook
    output = fn(*args, **kwargs)
  File "/usr/local/lib/python3.10/dist-packages/lightning/pytorch/strategies/strategy.py", line 390, in training_step
    return self._forward_redirection(self.model, self.lightning_module, "training_step", *args, **kwargs)
  File "/usr/local/lib/python3.10/dist-packages/lightning/pytorch/strategies/strategy.py", line 642, in __call__
    wrapper_output = wrapper_module(*args, **kwargs)
  File "/usr/local/lib/python3.10/dist-packages/torch/nn/modules/module.py", line 1553, in _wrapped_call_impl
    return self._call_impl(*args, **kwargs)
  File "/usr/local/lib/python3.10/dist-packages/torch/nn/modules/module.py", line 1562, in _call_impl
    return forward_call(*args, **kwargs)
  File "/usr/local/lib/python3.10/dist-packages/torch/nn/parallel/distributed.py", line 1636, in forward
    else self._run_ddp_forward(*inputs, **kwargs)
  File "/usr/local/lib/python3.10/dist-packages/torch/nn/parallel/distributed.py", line 1454, in _run_ddp_forward
    return self.module(*inputs, **kwargs)  # type: ignore[index]
  File "/usr/local/lib/python3.10/dist-packages/torch/nn/modules/module.py", line 1553, in _wrapped_call_impl
    return self._call_impl(*args, **kwargs)
  File "/usr/local/lib/python3.10/dist-packages/torch/nn/modules/module.py", line 1562, in _call_impl
    return forward_call(*args, **kwargs)
  File "/usr/local/lib/python3.10/dist-packages/lightning/pytorch/strategies/strategy.py", line 635, in wrapped_forward
    out = method(*_args, **_kwargs)
  File "/workspace/sg666/MeMDLM/diffusion.py", line 545, in training_step
    loss = self._compute_loss(batch, prefix='train')
  File "/workspace/sg666/MeMDLM/diffusion.py", line 516, in _compute_loss
    losses = self._loss(batch['input_ids'], attention_mask, mask)
  File "/workspace/sg666/MeMDLM/diffusion.py", line 1305, in _loss
    loss = self._forward_pass_diffusion(input_tokens, attention_mask, mask)
  File "/workspace/sg666/MeMDLM/diffusion.py", line 1264, in _forward_pass_diffusion
    model_output = self.forward(xt, unet_conditioning, attention_mask)
  File "/workspace/sg666/MeMDLM/diffusion.py", line 468, in forward
    logits = self.backbone(x, attention_mask)
  File "/workspace/sg666/MeMDLM/diffusion.py", line 100, in __call__
    return self.model(*args, **kwargs)
  File "/usr/local/lib/python3.10/dist-packages/torch/nn/modules/module.py", line 1553, in _wrapped_call_impl
    return self._call_impl(*args, **kwargs)
  File "/usr/local/lib/python3.10/dist-packages/torch/nn/modules/module.py", line 1562, in _call_impl
    return forward_call(*args, **kwargs)
  File "/usr/local/lib/python3.10/dist-packages/transformers/models/esm/modeling_esm.py", line 1008, in forward
    outputs = self.esm(
  File "/usr/local/lib/python3.10/dist-packages/torch/nn/modules/module.py", line 1553, in _wrapped_call_impl
    return self._call_impl(*args, **kwargs)
  File "/usr/local/lib/python3.10/dist-packages/torch/nn/modules/module.py", line 1562, in _call_impl
    return forward_call(*args, **kwargs)
  File "/usr/local/lib/python3.10/dist-packages/transformers/models/esm/modeling_esm.py", line 914, in forward
    encoder_outputs = self.encoder(
  File "/usr/local/lib/python3.10/dist-packages/torch/nn/modules/module.py", line 1553, in _wrapped_call_impl
    return self._call_impl(*args, **kwargs)
  File "/usr/local/lib/python3.10/dist-packages/torch/nn/modules/module.py", line 1562, in _call_impl
    return forward_call(*args, **kwargs)
  File "/usr/local/lib/python3.10/dist-packages/transformers/models/esm/modeling_esm.py", line 619, in forward
    layer_outputs = layer_module(
  File "/usr/local/lib/python3.10/dist-packages/torch/nn/modules/module.py", line 1553, in _wrapped_call_impl
    return self._call_impl(*args, **kwargs)
  File "/usr/local/lib/python3.10/dist-packages/torch/nn/modules/module.py", line 1562, in _call_impl
    return forward_call(*args, **kwargs)
  File "/usr/local/lib/python3.10/dist-packages/transformers/models/esm/modeling_esm.py", line 509, in forward
    self_attention_outputs = self.attention(
  File "/usr/local/lib/python3.10/dist-packages/torch/nn/modules/module.py", line 1553, in _wrapped_call_impl
    return self._call_impl(*args, **kwargs)
  File "/usr/local/lib/python3.10/dist-packages/torch/nn/modules/module.py", line 1562, in _call_impl
    return forward_call(*args, **kwargs)
  File "/usr/local/lib/python3.10/dist-packages/transformers/models/esm/modeling_esm.py", line 443, in forward
    self_outputs = self.self(
  File "/usr/local/lib/python3.10/dist-packages/torch/nn/modules/module.py", line 1553, in _wrapped_call_impl
    return self._call_impl(*args, **kwargs)
  File "/usr/local/lib/python3.10/dist-packages/torch/nn/modules/module.py", line 1562, in _call_impl
    return forward_call(*args, **kwargs)
  File "/usr/local/lib/python3.10/dist-packages/transformers/models/esm/modeling_esm.py", line 347, in forward
    attention_scores = torch.matmul(query_layer, key_layer.transpose(-1, -2))
torch.OutOfMemoryError: CUDA out of memory. Tried to allocate 320.00 MiB. GPU 2 has a total capacity of 47.41 GiB of which 292.75 MiB is free. Process 3964223 has 47.11 GiB memory in use. Of the allocated memory 44.39 GiB is allocated by PyTorch, and 2.08 GiB is reserved by PyTorch but unallocated. If reserved but unallocated memory is large try setting PYTORCH_CUDA_ALLOC_CONF=expandable_segments:True to avoid fragmentation.  See documentation for Memory Management  (https://pytorch.org/docs/stable/notes/cuda.html#environment-variables)

Set the environment variable HYDRA_FULL_ERROR=1 for a complete stack trace.
[rank: 1] Child process with PID 549729 terminated with code 1. Forcefully terminating all other processes to avoid zombies 🧟
wandb: Synced test: https://wandb.ai/programmablebio/MeMDLM_pretrain_400k_650M/runs/test_42
wandb: Synced 3 W&B file(s), 0 media file(s), 0 artifact file(s) and 0 other file(s)
wandb: Find logs at: ./wandb/run-20241111_042618-test_42/logs
run_memdlm.sh: line 4: 549500 Killed                  CUDA_VISIBLE_DEVICES=1,2,3,4,5,6 /usr/bin/python3 main.py
